# JRE version: OpenJDK Runtime Environment (24.0.1+9) (build 24.0.1+9-30)
# Java VM: OpenJDK 64-Bit Server VM (24.0.1+9-30, mixed mode, sharing, tiered, compressed oops, compressed class ptrs, g1 gc, windows-amd64)
GC Precious Log:
 CardTable entry size: 512
 Card Set container configuration: InlinePtr #cards 4 size 8 Array Of Cards #cards 32 size 80 Howl #buckets 8 coarsen threshold 7372 Howl Bitmap #cards 1024 size 144 coarsen threshold 921 Card regions per heap region 1 cards per card region 8192
 CPUs: 8 total, 8 available
 Memory: 32313M
 Large Page Support: Disabled
 NUMA Support: Disabled
 Compressed Oops: Enabled (Zero based)
 Heap Region Size: 4M
 Heap Min Capacity: 8M
 Heap Initial Capacity: 508M
 Heap Max Capacity: 8080M
 Pre-touch: Disabled
 Parallel Workers: 8
 Concurrent Workers: 2
 Concurrent Refinement Workers: 8
 Periodic GC: Disabled
Heap:
 garbage-first heap   total reserved 8273920K, committed 110592K, used 36410K [0x0000000607000000, 0x0000000800000000)
  region size 4096K, 9 young (36864K), 6 survivors (24576K)
 Metaspace       used 21437K, committed 21952K, reserved 1114112K
  class space    used 2002K, committed 2240K, reserved 1048576K
GC Heap History (8 events):
Event: 7.771 GC heap before
{Heap before GC invocations=0 (full 0):
 garbage-first heap   total reserved 8273920K, committed 524288K, used 50288K [0x0000000607000000, 0x0000000800000000)
  region size 4096K, 12 young (49152K), 0 survivors (0K)
 Metaspace       used 12785K, committed 13248K, reserved 1114112K
  class space    used 1181K, committed 1344K, reserved 1048576K
}
Event: 7.774 GC heap after
{Heap after GC invocations=1 (full 0):
 garbage-first heap   total reserved 8273920K, committed 524288K, used 5185K [0x0000000607000000, 0x0000000800000000)
  region size 4096K, 1 young (4096K), 1 survivors (4096K)
 Metaspace       used 12785K, committed 13248K, reserved 1114112K
  class space    used 1181K, committed 1344K, reserved 1048576K
}
Event: 45.116 GC heap before
{Heap before GC invocations=1 (full 0):
 garbage-first heap   total reserved 8273920K, committed 524288K, used 222273K [0x0000000607000000, 0x0000000800000000)
  region size 4096K, 55 young (225280K), 1 survivors (4096K)
 Metaspace       used 13362K, committed 13824K, reserved 1114112K
  class space    used 1181K, committed 1344K, reserved 1048576K
}
Event: 45.119 GC heap after
{Heap after GC invocations=2 (full 0):
 garbage-first heap   total reserved 8273920K, committed 524288K, used 12889K [0x0000000607000000, 0x0000000800000000)
  region size 4096K, 3 young (12288K), 3 survivors (12288K)
 Metaspace       used 13362K, committed 13824K, reserved 1114112K
  class space    used 1181K, committed 1344K, reserved 1048576K
}
Event: 71.550 GC heap before
{Heap before GC invocations=2 (full 0):
 garbage-first heap   total reserved 8273920K, committed 524288K, used 258649K [0x0000000607000000, 0x0000000800000000)
  region size 4096K, 63 young (258048K), 3 survivors (12288K)
 Metaspace       used 13455K, committed 13952K, reserved 1114112K
  class space    used 1182K, committed 1344K, reserved 1048576K
}
Event: 71.554 GC heap after
{Heap after GC invocations=3 (full 0):
 garbage-first heap   total reserved 8273920K, committed 524288K, used 19662K [0x0000000607000000, 0x0000000800000000)
  region size 4096K, 5 young (20480K), 5 survivors (20480K)
 Metaspace       used 13455K, committed 13952K, reserved 1114112K
  class space    used 1182K, committed 1344K, reserved 1048576K
}
Event: 94.757 GC heap before
{Heap before GC invocations=3 (full 0):
 garbage-first heap   total reserved 8273920K, committed 524288K, used 167118K [0x0000000607000000, 0x0000000800000000)
  region size 4096K, 41 young (167936K), 5 survivors (20480K)
 Metaspace       used 20998K, committed 21504K, reserved 1114112K
  class space    used 1940K, committed 2176K, reserved 1048576K
}
Event: 94.761 GC heap after
{Heap after GC invocations=4 (full 0):
 garbage-first heap   total reserved 8273920K, committed 524288K, used 28218K [0x0000000607000000, 0x0000000800000000)
  region size 4096K, 6 young (24576K), 6 survivors (24576K)
 Metaspace       used 20998K, committed 21504K, reserved 1114112K
  class space    used 1940K, committed 2176K, reserved 1048576K
}

